#
# There is insufficient memory for the Java Runtime Environment to continue.
# Native memory allocation (malloc) failed to allocate 1092016 bytes. Error detail: Chunk::new
# Possible reasons:
#   The system is out of physical RAM or swap space
#   This process is running with CompressedOops enabled, and the Java Heap may be blocking the growth of the native heap
# Possible solutions:
#   Reduce memory load on the system
#   Increase physical memory or swap space
#   Check if swap backing store is full
#   Decrease Java heap size (-Xmx/-Xms)
#   Decrease number of Java threads
#   Decrease Java thread stack sizes (-Xss)
#   Set larger code cache with -XX:ReservedCodeCacheSize=
#   JVM is running with Unscaled Compressed Oops mode in which the Java heap is
#     placed in the first 4GB address space. The Java Heap base address is the
#     maximum limit for the native heap growth. Please use -XX:HeapBaseMinAddress
#     to set the Java Heap base and to place the Java Heap above 4GB virtual address.
# This output file may be truncated or incomplete.
#
#  Out of Memory Error (arena.cpp:168), pid=26232, tid=35508
#
# JRE version: OpenJDK Runtime Environment Temurin-21.0.10+7 (21.0.10+7) (build 21.0.10+7-LTS)
# Java VM: OpenJDK 64-Bit Server VM Temurin-21.0.10+7 (21.0.10+7-LTS, mixed mode, sharing, tiered, compressed oops, compressed class ptrs, parallel gc, windows-amd64)
# No core dump will be written. Minidumps are not enabled by default on client versions of Windows
#

---------------  S U M M A R Y ------------

Command Line: --add-modules=ALL-SYSTEM --add-opens=java.base/java.util=ALL-UNNAMED --add-opens=java.base/java.lang=ALL-UNNAMED --add-opens=java.base/sun.nio.fs=ALL-UNNAMED -Declipse.application=org.eclipse.jdt.ls.core.id1 -Dosgi.bundles.defaultStartLevel=4 -Declipse.product=org.eclipse.jdt.ls.core.product -Djava.import.generatesMetadataFilesAtProjectRoot=false -DDetectVMInstallationsJob.disabled=true -Dfile.encoding=utf8 -XX:+UseParallelGC -XX:GCTimeRatio=4 -XX:AdaptiveSizePolicyWeight=90 -Dsun.zip.disableMemoryMapping=true -Xmx2G -Xms100m -Xlog:disable -javaagent:c:\Users\ixsim\.antigravity\extensions\redhat.java-1.53.0-win32-x64\lombok\lombok-1.18.39-4050.jar c:\Users\ixsim\.antigravity\extensions\redhat.java-1.53.0-win32-x64\server\plugins\org.eclipse.equinox.launcher_1.7.100.v20251111-0406.jar -configuration c:\Users\ixsim\AppData\Roaming\Antigravity\User\globalStorage\redhat.java\1.53.0\config_ss_win -data c:\Users\ixsim\AppData\Roaming\Antigravity\User\workspaceStorage\d4c266a07905a3bb2883ca790c66562a\redhat.java\ss_ws --pipe=\\.\pipe\lsp-65992691be269c1b378e2e7357f6b8d4-sock

Host: AMD Ryzen 5 4600H with Radeon Graphics         , 12 cores, 7G,  Windows 11 , 64 bit Build 22621 (10.0.22621.5415)
Time: Sun Mar 29 09:28:07 2026 T僡kiye Standart Saati elapsed time: 4.863233 seconds (0d 0h 0m 4s)

---------------  T H R E A D  ---------------

Current thread (0x0000017a9991b9a0):  JavaThread "C2 CompilerThread0" daemon [_thread_in_native, id=35508, stack(0x000000103da00000,0x000000103db00000) (1024K)]


Current CompileTask:
C2:4863 3196       4       java.lang.invoke.MethodType::makeImpl (109 bytes)

Stack: [0x000000103da00000,0x000000103db00000]
Native frames: (J=compiled Java code, j=interpreted, Vv=VM code, C=native code)
V  [jvm.dll+0x6d7a39]
V  [jvm.dll+0x8b4b26]
V  [jvm.dll+0x8b70de]
V  [jvm.dll+0x8b77c3]
V  [jvm.dll+0x284346]
V  [jvm.dll+0xc66ed]
V  [jvm.dll+0xc6c31]
V  [jvm.dll+0x3bec01]
V  [jvm.dll+0x1e3f69]
V  [jvm.dll+0x24c6b3]
V  [jvm.dll+0x24bb40]
V  [jvm.dll+0x1cb34e]
V  [jvm.dll+0x25b85d]
V  [jvm.dll+0x259dea]
V  [jvm.dll+0x3f857e]
V  [jvm.dll+0x85f59d]
V  [jvm.dll+0x6d626d]
C  [ucrtbase.dll+0x29333]
C  [KERNEL32.DLL+0x1259d]
C  [ntdll.dll+0x5af78]


---------------  P R O C E S S  ---------------

Threads class SMR info:
_java_thread_list=0x0000017af8a1da70, length=36, elements={
0x0000017a998727d0, 0x0000017a99914820, 0x0000017a99916030, 0x0000017a9981b3b0,
0x0000017a9981d300, 0x0000017a9981e120, 0x0000017a9991af50, 0x0000017a9991b9a0,
0x0000017a9992ba00, 0x0000017af275fed0, 0x0000017af2823240, 0x0000017af382cdd0,
0x0000017af3890ba0, 0x0000017af3891210, 0x0000017af803b220, 0x0000017af3b9c8b0,
0x0000017af3b2aee0, 0x0000017af3bc72b0, 0x0000017af88c4060, 0x0000017af88c6e50,
0x0000017af88c74e0, 0x0000017af88c46f0, 0x0000017af88c4d80, 0x0000017af88c5aa0,
0x0000017af88c67c0, 0x0000017af88c6130, 0x0000017af88c5410, 0x0000017af8b6def0,
0x0000017af8b696c0, 0x0000017af8b6be20, 0x0000017af8b6aa70, 0x0000017af8b68310,
0x0000017af8b6c4b0, 0x0000017af8b6ec10, 0x0000017af8b6b790, 0x0000017af8b6b100
}

Java Threads: ( => current thread )
  0x0000017a998727d0 JavaThread "main"                              [_thread_blocked, id=15368, stack(0x000000103d000000,0x000000103d100000) (1024K)]
  0x0000017a99914820 JavaThread "Reference Handler"          daemon [_thread_blocked, id=40888, stack(0x000000103d400000,0x000000103d500000) (1024K)]
  0x0000017a99916030 JavaThread "Finalizer"                  daemon [_thread_blocked, id=8096, stack(0x000000103d500000,0x000000103d600000) (1024K)]
  0x0000017a9981b3b0 JavaThread "Signal Dispatcher"          daemon [_thread_blocked, id=29028, stack(0x000000103d600000,0x000000103d700000) (1024K)]
  0x0000017a9981d300 JavaThread "Attach Listener"            daemon [_thread_blocked, id=19184, stack(0x000000103d700000,0x000000103d800000) (1024K)]
  0x0000017a9981e120 JavaThread "Service Thread"             daemon [_thread_blocked, id=39656, stack(0x000000103d800000,0x000000103d900000) (1024K)]
  0x0000017a9991af50 JavaThread "Monitor Deflation Thread"   daemon [_thread_blocked, id=41900, stack(0x000000103d900000,0x000000103da00000) (1024K)]
=>0x0000017a9991b9a0 JavaThread "C2 CompilerThread0"         daemon [_thread_in_native, id=35508, stack(0x000000103da00000,0x000000103db00000) (1024K)]
  0x0000017a9992ba00 JavaThread "C1 CompilerThread0"         daemon [_thread_blocked, id=8024, stack(0x000000103db00000,0x000000103dc00000) (1024K)]
  0x0000017af275fed0 JavaThread "Common-Cleaner"             daemon [_thread_blocked, id=38536, stack(0x000000103dc00000,0x000000103dd00000) (1024K)]
  0x0000017af2823240 JavaThread "Notification Thread"        daemon [_thread_blocked, id=35904, stack(0x000000103dd00000,0x000000103de00000) (1024K)]
  0x0000017af382cdd0 JavaThread "Active Thread: Equinox Container: 1b40ce67-d2bf-4f4b-921f-52519ff84ead"        [_thread_blocked, id=9592, stack(0x000000103e400000,0x000000103e500000) (1024K)]
  0x0000017af3890ba0 JavaThread "Framework Event Dispatcher: Equinox Container: 1b40ce67-d2bf-4f4b-921f-52519ff84ead" daemon [_thread_blocked, id=14312, stack(0x000000103e500000,0x000000103e600000) (1024K)]
  0x0000017af3891210 JavaThread "Start Level: Equinox Container: 1b40ce67-d2bf-4f4b-921f-52519ff84ead" daemon [_thread_blocked, id=38372, stack(0x000000103e600000,0x000000103e700000) (1024K)]
  0x0000017af803b220 JavaThread "SCR Component Actor"        daemon [_thread_blocked, id=38368, stack(0x000000103e800000,0x000000103e900000) (1024K)]
  0x0000017af3b9c8b0 JavaThread "Worker-JM"                         [_thread_blocked, id=11072, stack(0x000000103e900000,0x000000103ea00000) (1024K)]
  0x0000017af3b2aee0 JavaThread "Worker-0"                          [_thread_blocked, id=16188, stack(0x000000103ec00000,0x000000103ed00000) (1024K)]
  0x0000017af3bc72b0 JavaThread "Worker-1"                          [_thread_blocked, id=27820, stack(0x000000103ed00000,0x000000103ee00000) (1024K)]
  0x0000017af88c4060 JavaThread "Worker-2"                          [_thread_blocked, id=21564, stack(0x000000103ee00000,0x000000103ef00000) (1024K)]
  0x0000017af88c6e50 JavaThread "JNA Cleaner"                daemon [_thread_blocked, id=30276, stack(0x000000103ef00000,0x000000103f000000) (1024K)]
  0x0000017af88c74e0 JavaThread "Thread-1"                   daemon [_thread_in_native, id=40404, stack(0x000000103f000000,0x000000103f100000) (1024K)]
  0x0000017af88c46f0 JavaThread "Thread-2"                   daemon [_thread_in_native, id=15132, stack(0x000000103f100000,0x000000103f200000) (1024K)]
  0x0000017af88c4d80 JavaThread "Thread-3"                   daemon [_thread_in_native, id=27860, stack(0x000000103f200000,0x000000103f300000) (1024K)]
  0x0000017af88c5aa0 JavaThread "Thread-4"                   daemon [_thread_in_native, id=31004, stack(0x000000103f300000,0x000000103f400000) (1024K)]
  0x0000017af88c67c0 JavaThread "Thread-5"                   daemon [_thread_in_native, id=33056, stack(0x000000103f400000,0x000000103f500000) (1024K)]
  0x0000017af88c6130 JavaThread "Thread-6"                   daemon [_thread_in_native, id=15860, stack(0x000000103f500000,0x000000103f600000) (1024K)]
  0x0000017af88c5410 JavaThread "Thread-7"                   daemon [_thread_in_native, id=18180, stack(0x000000103f600000,0x000000103f700000) (1024K)]
  0x0000017af8b6def0 JavaThread "Thread-8"                   daemon [_thread_in_native, id=42884, stack(0x000000103f700000,0x000000103f800000) (1024K)]
  0x0000017af8b696c0 JavaThread "Thread-9"                   daemon [_thread_in_native, id=19164, stack(0x000000103f800000,0x000000103f900000) (1024K)]
  0x0000017af8b6be20 JavaThread "Thread-10"                  daemon [_thread_in_native, id=40152, stack(0x000000103f900000,0x000000103fa00000) (1024K)]
  0x0000017af8b6aa70 JavaThread "Thread-11"                  daemon [_thread_in_native, id=14684, stack(0x000000103fa00000,0x000000103fb00000) (1024K)]
  0x0000017af8b68310 JavaThread "Thread-12"                  daemon [_thread_in_native, id=38660, stack(0x000000103fb00000,0x000000103fc00000) (1024K)]
  0x0000017af8b6c4b0 JavaThread "Thread-13"                  daemon [_thread_in_native, id=13048, stack(0x000000103fc00000,0x000000103fd00000) (1024K)]
  0x0000017af8b6ec10 JavaThread "pool-2-thread-1"                   [_thread_blocked, id=19372, stack(0x000000103fd00000,0x000000103fe00000) (1024K)]
  0x0000017af8b6b790 JavaThread "WorkspaceEventsHandler"            [_thread_blocked, id=40908, stack(0x000000103fe00000,0x000000103ff00000) (1024K)]
  0x0000017af8b6b100 JavaThread "pool-1-thread-1"                   [_thread_in_Java, id=27008, stack(0x000000103ff00000,0x0000001040000000) (1024K)]
Total: 36

Other Threads:
  0x0000017a9990eb10 VMThread "VM Thread"                           [id=35088, stack(0x000000103d300000,0x000000103d400000) (1024K)]
  0x0000017a996fca00 WatcherThread "VM Periodic Task Thread"        [id=35236, stack(0x000000103d200000,0x000000103d300000) (1024K)]
  0x0000017a998921b0 WorkerThread "GC Thread#0"                     [id=15796, stack(0x000000103d100000,0x000000103d200000) (1024K)]
  0x0000017af39142e0 WorkerThread "GC Thread#1"                     [id=5988, stack(0x000000103de00000,0x000000103df00000) (1024K)]
  0x0000017af35ecab0 WorkerThread "GC Thread#2"                     [id=24240, stack(0x000000103df00000,0x000000103e000000) (1024K)]
  0x0000017af3627cc0 WorkerThread "GC Thread#3"                     [id=33568, stack(0x000000103e000000,0x000000103e100000) (1024K)]
  0x0000017af38ffb60 WorkerThread "GC Thread#4"                     [id=31068, stack(0x000000103e100000,0x000000103e200000) (1024K)]
  0x0000017af38fff10 WorkerThread "GC Thread#5"                     [id=20832, stack(0x000000103e200000,0x000000103e300000) (1024K)]
  0x0000017af39006d0 WorkerThread "GC Thread#6"                     [id=28400, stack(0x000000103e300000,0x000000103e400000) (1024K)]
  0x0000017af3894560 WorkerThread "GC Thread#7"                     [id=5588, stack(0x000000103e700000,0x000000103e800000) (1024K)]
  0x0000017af38941b0 WorkerThread "GC Thread#8"                     [id=26456, stack(0x000000103ea00000,0x000000103eb00000) (1024K)]
  0x0000017af38932f0 WorkerThread "GC Thread#9"                     [id=3032, stack(0x000000103eb00000,0x000000103ec00000) (1024K)]
Total: 12

Threads with active compile tasks:
C2 CompilerThread0  4894 3196       4       java.lang.invoke.MethodType::makeImpl (109 bytes)
Total: 1

VM state: not at safepoint (normal execution)

VM Mutex/Monitor currently owned by a thread: None

Heap address: 0x0000000080000000, size: 2048 MB, Compressed Oops mode: 32-bit

CDS archive(s) mapped at: [0x0000017ab1000000-0x0000017ab1ba0000-0x0000017ab1ba0000), size 12189696, SharedBaseAddress: 0x0000017ab1000000, ArchiveRelocationMode: 1.
Compressed class space mapped at: 0x0000017ab2000000-0x0000017af2000000, reserved size: 1073741824
Narrow klass base: 0x0000017ab1000000, Narrow klass shift: 0, Narrow klass range: 0x100000000

GC Precious Log:
 CardTable entry size: 512
 CPUs: 12 total, 12 available
 Memory: 7549M
 Large Page Support: Disabled
 NUMA Support: Disabled
 Compressed Oops: Enabled (32-bit)
 Alignments: Space 512K, Generation 512K, Heap 2M
 Heap Min Capacity: 100M
 Heap Initial Capacity: 100M
 Heap Max Capacity: 2G
 Pre-touch: Disabled
 Parallel Workers: 10

Heap:
 PSYoungGen      total 27648K, used 8598K [0x00000000d5580000, 0x00000000d7500000, 0x0000000100000000)
  eden space 24064K, 20% used [0x00000000d5580000,0x00000000d5a6bb78,0x00000000d6d00000)
  from space 3584K, 99% used [0x00000000d7100000,0x00000000d7479e38,0x00000000d7480000)
  to   space 4096K, 0% used [0x00000000d6d00000,0x00000000d6d00000,0x00000000d7100000)
 ParOldGen       total 68608K, used 10157K [0x0000000080000000, 0x0000000084300000, 0x00000000d5580000)
  object space 68608K, 14% used [0x0000000080000000,0x00000000809eb428,0x0000000084300000)
 Metaspace       used 28796K, committed 29632K, reserved 1114112K
  class space    used 2898K, committed 3264K, reserved 1048576K

Card table byte_map: [0x0000017a99210000,0x0000017a99620000] _byte_map_base: 0x0000017a98e10000

Marking Bits: (ParMarkBitMap*) 0x00007ffc60943450
 Begin Bits: [0x0000017aabd20000, 0x0000017aadd20000)
 End Bits:   [0x0000017aadd20000, 0x0000017aafd20000)

Polling page: 0x0000017a974a0000

Metaspace:

Usage:
  Non-class:     25.29 MB used.
      Class:      2.83 MB used.
       Both:     28.12 MB used.

Virtual space:
  Non-class space:       64.00 MB reserved,      25.75 MB ( 40%) committed,  1 nodes.
      Class space:        1.00 GB reserved,       3.19 MB ( <1%) committed,  1 nodes.
             Both:        1.06 GB reserved,      28.94 MB (  3%) committed. 

Chunk freelists:
   Non-Class:  6.29 MB
       Class:  12.86 MB
        Both:  19.15 MB

MaxMetaspaceSize: unlimited
CompressedClassSpaceSize: 1.00 GB
Initial GC threshold: 21.00 MB
Current GC threshold: 35.00 MB
CDS: on
 - commit_granule_bytes: 65536.
 - commit_granule_words: 8192.
 - virtual_space_node_default_size: 8388608.
 - enlarge_chunks_in_place: 1.
 - use_allocation_guard: 0.


Internal statistics:

num_allocs_failed_limit: 3.
num_arena_births: 552.
num_arena_deaths: 14.
num_vsnodes_births: 2.
num_vsnodes_deaths: 0.
num_space_committed: 463.
num_space_uncommitted: 0.
num_chunks_returned_to_freelist: 17.
num_chunks_taken_from_freelist: 1637.
num_chunk_merges: 7.
num_chunk_splits: 1073.
num_chunks_enlarged: 692.
num_inconsistent_stats: 0.

CodeHeap 'non-profiled nmethods': size=120000Kb used=1343Kb max_used=1343Kb free=118656Kb
 bounds [0x0000017aa4540000, 0x0000017aa47b0000, 0x0000017aaba70000]
CodeHeap 'profiled nmethods': size=120000Kb used=6642Kb max_used=6642Kb free=113357Kb
 bounds [0x0000017a9ca70000, 0x0000017a9d0f0000, 0x0000017aa3fa0000]
CodeHeap 'non-nmethods': size=5760Kb used=1341Kb max_used=1366Kb free=4418Kb
 bounds [0x0000017aa3fa0000, 0x0000017aa4210000, 0x0000017aa4540000]
CodeCache: size=245760Kb, used=9326Kb, max_used=9351Kb, free=236431Kb
 total_blobs=4055, nmethods=3423, adapters=538, full_count=0
Compilation: enabled, stopped_count=0, restarted_count=0

Compilation events (20 events):
Event: 4.851 Thread 0x0000017a9992ba00 3429       3       com.google.gson.internal.GsonTypes::equals (286 bytes)
Event: 4.852 Thread 0x0000017a9992ba00 nmethod 3429 0x0000017a9d0e4890 code [0x0000017a9d0e4d40, 0x0000017a9d0e77e8]
Event: 4.852 Thread 0x0000017a9992ba00 3431       3       java.lang.Class::privateGetDeclaredFields (64 bytes)
Event: 4.853 Thread 0x0000017a9992ba00 nmethod 3431 0x0000017a9d0e7e10 code [0x0000017a9d0e8040, 0x0000017a9d0e8770]
Event: 4.853 Thread 0x0000017a9992ba00 3430       1       sun.reflect.generics.reflectiveObjects.ParameterizedTypeImpl::getRawType (5 bytes)
Event: 4.853 Thread 0x0000017a9992ba00 nmethod 3430 0x0000017aa468f990 code [0x0000017aa468fb20, 0x0000017aa468fbe8]
Event: 4.854 Thread 0x0000017a9992ba00 3432       3       java.lang.invoke.DirectMethodHandle$Accessor::checkCast (9 bytes)
Event: 4.855 Thread 0x0000017a9992ba00 nmethod 3432 0x0000017a9d0e8990 code [0x0000017a9d0e8b60, 0x0000017a9d0e8e68]
Event: 4.855 Thread 0x0000017a9992ba00 3433       3       java.lang.invoke.BoundMethodHandle$Species_LLL::make (14 bytes)
Event: 4.855 Thread 0x0000017a9992ba00 nmethod 3433 0x0000017a9d0e8f90 code [0x0000017a9d0e9140, 0x0000017a9d0e93a0]
Event: 4.855 Thread 0x0000017a9992ba00 3434       3       java.lang.invoke.BoundMethodHandle$Species_LLL::<init> (24 bytes)
Event: 4.855 Thread 0x0000017a9992ba00 nmethod 3434 0x0000017a9d0e9510 code [0x0000017a9d0e96c0, 0x0000017a9d0e98e0]
Event: 4.855 Thread 0x0000017a9992ba00 3436       3       java.lang.invoke.DirectMethodHandle::fieldOffset (9 bytes)
Event: 4.855 Thread 0x0000017a9992ba00 nmethod 3436 0x0000017a9d0e9a10 code [0x0000017a9d0e9bc0, 0x0000017a9d0e9db0]
Event: 4.855 Thread 0x0000017a9992ba00 3437       3       java.lang.invoke.DirectMethodHandle::checkBase (5 bytes)
Event: 4.855 Thread 0x0000017a9992ba00 nmethod 3437 0x0000017a9d0e9e90 code [0x0000017a9d0ea040, 0x0000017a9d0ea280]
Event: 4.855 Thread 0x0000017a9992ba00 3435       3       java.lang.reflect.Field::acquireOverrideFieldAccessor (46 bytes)
Event: 4.856 Thread 0x0000017a9992ba00 nmethod 3435 0x0000017a9d0ea390 code [0x0000017a9d0ea580, 0x0000017a9d0ea990]
Event: 4.856 Thread 0x0000017a9992ba00 3438       3       jdk.internal.misc.Unsafe::weakCompareAndSetLong (11 bytes)
Event: 4.856 Thread 0x0000017a9992ba00 nmethod 3438 0x0000017a9d0eab10 code [0x0000017a9d0eaca0, 0x0000017a9d0eadc8]

GC Heap History (18 events):
Event: 1.127 GC heap before
{Heap before GC invocations=1 (full 0):
 PSYoungGen      total 29696K, used 25600K [0x00000000d5580000, 0x00000000d7680000, 0x0000000100000000)
  eden space 25600K, 100% used [0x00000000d5580000,0x00000000d6e80000,0x00000000d6e80000)
  from space 4096K, 0% used [0x00000000d7280000,0x00000000d7280000,0x00000000d7680000)
  to   space 4096K, 0% used [0x00000000d6e80000,0x00000000d6e80000,0x00000000d7280000)
 ParOldGen       total 68608K, used 0K [0x0000000080000000, 0x0000000084300000, 0x00000000d5580000)
  object space 68608K, 0% used [0x0000000080000000,0x0000000080000000,0x0000000084300000)
 Metaspace       used 4299K, committed 4544K, reserved 1114112K
  class space    used 471K, committed 576K, reserved 1048576K
}
Event: 1.137 GC heap after
{Heap after GC invocations=1 (full 0):
 PSYoungGen      total 29696K, used 3319K [0x00000000d5580000, 0x00000000d7680000, 0x0000000100000000)
  eden space 25600K, 0% used [0x00000000d5580000,0x00000000d5580000,0x00000000d6e80000)
  from space 4096K, 81% used [0x00000000d6e80000,0x00000000d71bde88,0x00000000d7280000)
  to   space 4096K, 0% used [0x00000000d7280000,0x00000000d7280000,0x00000000d7680000)
 ParOldGen       total 68608K, used 16K [0x0000000080000000, 0x0000000084300000, 0x00000000d5580000)
  object space 68608K, 0% used [0x0000000080000000,0x0000000080004000,0x0000000084300000)
 Metaspace       used 4299K, committed 4544K, reserved 1114112K
  class space    used 471K, committed 576K, reserved 1048576K
}
Event: 2.031 GC heap before
{Heap before GC invocations=2 (full 0):
 PSYoungGen      total 29696K, used 28919K [0x00000000d5580000, 0x00000000d7680000, 0x0000000100000000)
  eden space 25600K, 100% used [0x00000000d5580000,0x00000000d6e80000,0x00000000d6e80000)
  from space 4096K, 81% used [0x00000000d6e80000,0x00000000d71bde88,0x00000000d7280000)
  to   space 4096K, 0% used [0x00000000d7280000,0x00000000d7280000,0x00000000d7680000)
 ParOldGen       total 68608K, used 16K [0x0000000080000000, 0x0000000084300000, 0x00000000d5580000)
  object space 68608K, 0% used [0x0000000080000000,0x0000000080004000,0x0000000084300000)
 Metaspace       used 8161K, committed 8384K, reserved 1114112K
  class space    used 861K, committed 960K, reserved 1048576K
}
Event: 2.040 GC heap after
{Heap after GC invocations=2 (full 0):
 PSYoungGen      total 29696K, used 4070K [0x00000000d5580000, 0x00000000d7680000, 0x0000000100000000)
  eden space 25600K, 0% used [0x00000000d5580000,0x00000000d5580000,0x00000000d6e80000)
  from space 4096K, 99% used [0x00000000d7280000,0x00000000d7679800,0x00000000d7680000)
  to   space 4096K, 0% used [0x00000000d6e80000,0x00000000d6e80000,0x00000000d7280000)
 ParOldGen       total 68608K, used 1211K [0x0000000080000000, 0x0000000084300000, 0x00000000d5580000)
  object space 68608K, 1% used [0x0000000080000000,0x000000008012eef0,0x0000000084300000)
 Metaspace       used 8161K, committed 8384K, reserved 1114112K
  class space    used 861K, committed 960K, reserved 1048576K
}
Event: 2.661 GC heap before
{Heap before GC invocations=3 (full 0):
 PSYoungGen      total 29696K, used 29670K [0x00000000d5580000, 0x00000000d7680000, 0x0000000100000000)
  eden space 25600K, 100% used [0x00000000d5580000,0x00000000d6e80000,0x00000000d6e80000)
  from space 4096K, 99% used [0x00000000d7280000,0x00000000d7679800,0x00000000d7680000)
  to   space 4096K, 0% used [0x00000000d6e80000,0x00000000d6e80000,0x00000000d7280000)
 ParOldGen       total 68608K, used 1211K [0x0000000080000000, 0x0000000084300000, 0x00000000d5580000)
  object space 68608K, 1% used [0x0000000080000000,0x000000008012eef0,0x0000000084300000)
 Metaspace       used 12966K, committed 13504K, reserved 1114112K
  class space    used 1371K, committed 1600K, reserved 1048576K
}
Event: 2.665 GC heap after
{Heap after GC invocations=3 (full 0):
 PSYoungGen      total 29696K, used 4090K [0x00000000d5580000, 0x00000000d7680000, 0x0000000100000000)
  eden space 25600K, 0% used [0x00000000d5580000,0x00000000d5580000,0x00000000d6e80000)
  from space 4096K, 99% used [0x00000000d6e80000,0x00000000d727e9c8,0x00000000d7280000)
  to   space 4096K, 0% used [0x00000000d7280000,0x00000000d7280000,0x00000000d7680000)
 ParOldGen       total 68608K, used 2925K [0x0000000080000000, 0x0000000084300000, 0x00000000d5580000)
  object space 68608K, 4% used [0x0000000080000000,0x00000000802db4d0,0x0000000084300000)
 Metaspace       used 12966K, committed 13504K, reserved 1114112K
  class space    used 1371K, committed 1600K, reserved 1048576K
}
Event: 3.005 GC heap before
{Heap before GC invocations=4 (full 0):
 PSYoungGen      total 29696K, used 29476K [0x00000000d5580000, 0x00000000d7680000, 0x0000000100000000)
  eden space 25600K, 99% used [0x00000000d5580000,0x00000000d6e4a980,0x00000000d6e80000)
  from space 4096K, 99% used [0x00000000d6e80000,0x00000000d727e9c8,0x00000000d7280000)
  to   space 4096K, 0% used [0x00000000d7280000,0x00000000d7280000,0x00000000d7680000)
 ParOldGen       total 68608K, used 2925K [0x0000000080000000, 0x0000000084300000, 0x00000000d5580000)
  object space 68608K, 4% used [0x0000000080000000,0x00000000802db4d0,0x0000000084300000)
 Metaspace       used 15992K, committed 16576K, reserved 1114112K
  class space    used 1662K, committed 1920K, reserved 1048576K
}
Event: 3.008 GC heap after
{Heap after GC invocations=4 (full 0):
 PSYoungGen      total 29696K, used 4085K [0x00000000d5580000, 0x00000000d7680000, 0x0000000100000000)
  eden space 25600K, 0% used [0x00000000d5580000,0x00000000d5580000,0x00000000d6e80000)
  from space 4096K, 99% used [0x00000000d7280000,0x00000000d767d598,0x00000000d7680000)
  to   space 4096K, 0% used [0x00000000d6e80000,0x00000000d6e80000,0x00000000d7280000)
 ParOldGen       total 68608K, used 5849K [0x0000000080000000, 0x0000000084300000, 0x00000000d5580000)
  object space 68608K, 8% used [0x0000000080000000,0x00000000805b67d8,0x0000000084300000)
 Metaspace       used 15992K, committed 16576K, reserved 1114112K
  class space    used 1662K, committed 1920K, reserved 1048576K
}
Event: 3.212 GC heap before
{Heap before GC invocations=5 (full 0):
 PSYoungGen      total 29696K, used 29684K [0x00000000d5580000, 0x00000000d7680000, 0x0000000100000000)
  eden space 25600K, 99% used [0x00000000d5580000,0x00000000d6e7fdf8,0x00000000d6e80000)
  from space 4096K, 99% used [0x00000000d7280000,0x00000000d767d598,0x00000000d7680000)
  to   space 4096K, 0% used [0x00000000d6e80000,0x00000000d6e80000,0x00000000d7280000)
 ParOldGen       total 68608K, used 5849K [0x0000000080000000, 0x0000000084300000, 0x00000000d5580000)
  object space 68608K, 8% used [0x0000000080000000,0x00000000805b67d8,0x0000000084300000)
 Metaspace       used 20053K, committed 20672K, reserved 1114112K
  class space    used 1957K, committed 2240K, reserved 1048576K
}
Event: 3.214 GC heap after
{Heap after GC invocations=5 (full 0):
 PSYoungGen      total 29184K, used 4087K [0x00000000d5580000, 0x00000000d7900000, 0x0000000100000000)
  eden space 25088K, 0% used [0x00000000d5580000,0x00000000d5580000,0x00000000d6e00000)
  from space 4096K, 99% used [0x00000000d6e80000,0x00000000d727de58,0x00000000d7280000)
  to   space 5632K, 0% used [0x00000000d7380000,0x00000000d7380000,0x00000000d7900000)
 ParOldGen       total 68608K, used 5865K [0x0000000080000000, 0x0000000084300000, 0x00000000d5580000)
  object space 68608K, 8% used [0x0000000080000000,0x00000000805ba7d8,0x0000000084300000)
 Metaspace       used 20053K, committed 20672K, reserved 1114112K
  class space    used 1957K, committed 2240K, reserved 1048576K
}
Event: 3.337 GC heap before
{Heap before GC invocations=6 (full 0):
 PSYoungGen      total 29184K, used 23631K [0x00000000d5580000, 0x00000000d7900000, 0x0000000100000000)
  eden space 25088K, 77% used [0x00000000d5580000,0x00000000d6896110,0x00000000d6e00000)
  from space 4096K, 99% used [0x00000000d6e80000,0x00000000d727de58,0x00000000d7280000)
  to   space 5632K, 0% used [0x00000000d7380000,0x00000000d7380000,0x00000000d7900000)
 ParOldGen       total 68608K, used 5865K [0x0000000080000000, 0x0000000084300000, 0x00000000d5580000)
  object space 68608K, 8% used [0x0000000080000000,0x00000000805ba7d8,0x0000000084300000)
 Metaspace       used 20882K, committed 21504K, reserved 1114112K
  class space    used 1999K, committed 2240K, reserved 1048576K
}
Event: 3.341 GC heap after
{Heap after GC invocations=6 (full 0):
 PSYoungGen      total 30720K, used 5373K [0x00000000d5580000, 0x00000000d7900000, 0x0000000100000000)
  eden space 25088K, 0% used [0x00000000d5580000,0x00000000d5580000,0x00000000d6e00000)
  from space 5632K, 95% used [0x00000000d7380000,0x00000000d78bf410,0x00000000d7900000)
  to   space 5632K, 0% used [0x00000000d6e00000,0x00000000d6e00000,0x00000000d7380000)
 ParOldGen       total 68608K, used 6655K [0x0000000080000000, 0x0000000084300000, 0x00000000d5580000)
  object space 68608K, 9% used [0x0000000080000000,0x000000008067fce8,0x0000000084300000)
 Metaspace       used 20882K, committed 21504K, reserved 1114112K
  class space    used 1999K, committed 2240K, reserved 1048576K
}
Event: 3.341 GC heap before
{Heap before GC invocations=7 (full 1):
 PSYoungGen      total 30720K, used 5373K [0x00000000d5580000, 0x00000000d7900000, 0x0000000100000000)
  eden space 25088K, 0% used [0x00000000d5580000,0x00000000d5580000,0x00000000d6e00000)
  from space 5632K, 95% used [0x00000000d7380000,0x00000000d78bf410,0x00000000d7900000)
  to   space 5632K, 0% used [0x00000000d6e00000,0x00000000d6e00000,0x00000000d7380000)
 ParOldGen       total 68608K, used 6655K [0x0000000080000000, 0x0000000084300000, 0x00000000d5580000)
  object space 68608K, 9% used [0x0000000080000000,0x000000008067fce8,0x0000000084300000)
 Metaspace       used 20882K, committed 21504K, reserved 1114112K
  class space    used 1999K, committed 2240K, reserved 1048576K
}
Event: 3.392 GC heap after
{Heap after GC invocations=7 (full 1):
 PSYoungGen      total 30720K, used 0K [0x00000000d5580000, 0x00000000d7900000, 0x0000000100000000)
  eden space 25088K, 0% used [0x00000000d5580000,0x00000000d5580000,0x00000000d6e00000)
  from space 5632K, 0% used [0x00000000d7380000,0x00000000d7380000,0x00000000d7900000)
  to   space 5632K, 0% used [0x00000000d6e00000,0x00000000d6e00000,0x00000000d7380000)
 ParOldGen       total 68608K, used 10117K [0x0000000080000000, 0x0000000084300000, 0x00000000d5580000)
  object space 68608K, 14% used [0x0000000080000000,0x00000000809e1418,0x0000000084300000)
 Metaspace       used 20869K, committed 21504K, reserved 1114112K
  class space    used 1996K, committed 2240K, reserved 1048576K
}
Event: 4.441 GC heap before
{Heap before GC invocations=8 (full 1):
 PSYoungGen      total 30720K, used 25051K [0x00000000d5580000, 0x00000000d7900000, 0x0000000100000000)
  eden space 25088K, 99% used [0x00000000d5580000,0x00000000d6df6d30,0x00000000d6e00000)
  from space 5632K, 0% used [0x00000000d7380000,0x00000000d7380000,0x00000000d7900000)
  to   space 5632K, 0% used [0x00000000d6e00000,0x00000000d6e00000,0x00000000d7380000)
 ParOldGen       total 68608K, used 10117K [0x0000000080000000, 0x0000000084300000, 0x00000000d5580000)
  object space 68608K, 14% used [0x0000000080000000,0x00000000809e1418,0x0000000084300000)
 Metaspace       used 25134K, committed 25856K, reserved 1114112K
  class space    used 2440K, committed 2752K, reserved 1048576K
}
Event: 4.443 GC heap after
{Heap after GC invocations=8 (full 1):
 PSYoungGen      total 27136K, used 2390K [0x00000000d5580000, 0x00000000d7480000, 0x0000000100000000)
  eden space 24576K, 0% used [0x00000000d5580000,0x00000000d5580000,0x00000000d6d80000)
  from space 2560K, 93% used [0x00000000d6e00000,0x00000000d7055938,0x00000000d7080000)
  to   space 3584K, 0% used [0x00000000d7100000,0x00000000d7100000,0x00000000d7480000)
 ParOldGen       total 68608K, used 10125K [0x0000000080000000, 0x0000000084300000, 0x00000000d5580000)
  object space 68608K, 14% used [0x0000000080000000,0x00000000809e3418,0x0000000084300000)
 Metaspace       used 25134K, committed 25856K, reserved 1114112K
  class space    used 2440K, committed 2752K, reserved 1048576K
}
Event: 4.771 GC heap before
{Heap before GC invocations=9 (full 1):
 PSYoungGen      total 27136K, used 26966K [0x00000000d5580000, 0x00000000d7480000, 0x0000000100000000)
  eden space 24576K, 100% used [0x00000000d5580000,0x00000000d6d80000,0x00000000d6d80000)
  from space 2560K, 93% used [0x00000000d6e00000,0x00000000d7055938,0x00000000d7080000)
  to   space 3584K, 0% used [0x00000000d7100000,0x00000000d7100000,0x00000000d7480000)
 ParOldGen       total 68608K, used 10125K [0x0000000080000000, 0x0000000084300000, 0x00000000d5580000)
  object space 68608K, 14% used [0x0000000080000000,0x00000000809e3418,0x0000000084300000)
 Metaspace       used 28186K, committed 28928K, reserved 1114112K
  class space    used 2822K, committed 3136K, reserved 1048576K
}
Event: 4.774 GC heap after
{Heap after GC invocations=9 (full 1):
 PSYoungGen      total 27648K, used 3559K [0x00000000d5580000, 0x00000000d7500000, 0x0000000100000000)
  eden space 24064K, 0% used [0x00000000d5580000,0x00000000d5580000,0x00000000d6d00000)
  from space 3584K, 99% used [0x00000000d7100000,0x00000000d7479e38,0x00000000d7480000)
  to   space 4096K, 0% used [0x00000000d6d00000,0x00000000d6d00000,0x00000000d7100000)
 ParOldGen       total 68608K, used 10157K [0x0000000080000000, 0x0000000084300000, 0x00000000d5580000)
  object space 68608K, 14% used [0x0000000080000000,0x00000000809eb428,0x0000000084300000)
 Metaspace       used 28186K, committed 28928K, reserved 1114112K
  class space    used 2822K, committed 3136K, reserved 1048576K
}

Dll operation events (10 events):
Event: 0.021 Loaded shared library c:\Users\ixsim\.antigravity\extensions\redhat.java-1.53.0-win32-x64\jre\21.0.10-win32-x86_64\bin\java.dll
Event: 0.111 Loaded shared library c:\Users\ixsim\.antigravity\extensions\redhat.java-1.53.0-win32-x64\jre\21.0.10-win32-x86_64\bin\zip.dll
Event: 0.211 Loaded shared library C:\Users\ixsim\.antigravity\extensions\redhat.java-1.53.0-win32-x64\jre\21.0.10-win32-x86_64\bin\instrument.dll
Event: 0.224 Loaded shared library C:\Users\ixsim\.antigravity\extensions\redhat.java-1.53.0-win32-x64\jre\21.0.10-win32-x86_64\bin\net.dll
Event: 0.229 Loaded shared library C:\Users\ixsim\.antigravity\extensions\redhat.java-1.53.0-win32-x64\jre\21.0.10-win32-x86_64\bin\nio.dll
Event: 0.234 Loaded shared library C:\Users\ixsim\.antigravity\extensions\redhat.java-1.53.0-win32-x64\jre\21.0.10-win32-x86_64\bin\zip.dll
Event: 0.269 Loaded shared library C:\Users\ixsim\.antigravity\extensions\redhat.java-1.53.0-win32-x64\jre\21.0.10-win32-x86_64\bin\jimage.dll
Event: 0.400 Loaded shared library c:\Users\ixsim\.antigravity\extensions\redhat.java-1.53.0-win32-x64\jre\21.0.10-win32-x86_64\bin\verify.dll
Event: 2.020 Loaded shared library C:\Users\ixsim\AppData\Roaming\Antigravity\User\globalStorage\redhat.java\1.53.0\config_ss_win\org.eclipse.equinox.launcher\org.eclipse.equinox.launcher.win32.win32.x86_64_1.3.0.v20260203-2149\eclipse_11919.dll
Event: 4.347 Loaded shared library C:\Users\ixsim\AppData\Local\Temp\jna-100658504\jna9163584535648634829.dll

Deoptimization events (20 events):
Event: 4.715 Thread 0x0000017a998727d0 Uncommon trap: trap_request=0xffffff45 fr.pc=0x0000017aa45740c4 relative=0x00000000000002a4
Event: 4.715 Thread 0x0000017a998727d0 Uncommon trap: reason=unstable_if action=reinterpret pc=0x0000017aa45740c4 method=java.util.HashMap$HashIterator.<init>(Ljava/util/HashMap;)V @ 45 c2
Event: 4.715 Thread 0x0000017a998727d0 DEOPT PACKING pc=0x0000017aa45740c4 sp=0x000000103d0fe300
Event: 4.715 Thread 0x0000017a998727d0 DEOPT UNPACKING pc=0x0000017aa3ff3aa2 sp=0x000000103d0fe298 mode 2
Event: 4.749 Thread 0x0000017af8b6b100 Uncommon trap: trap_request=0xffffffde fr.pc=0x0000017aa462a070 relative=0x0000000000000050
Event: 4.749 Thread 0x0000017af8b6b100 Uncommon trap: reason=class_check action=maybe_recompile pc=0x0000017aa462a070 method=java.lang.invoke.DirectMethodHandle.internalMemberName(Ljava/lang/Object;)Ljava/lang/Object; @ 1 c2
Event: 4.749 Thread 0x0000017af8b6b100 DEOPT PACKING pc=0x0000017aa462a070 sp=0x000000103fffe720
Event: 4.749 Thread 0x0000017af8b6b100 DEOPT UNPACKING pc=0x0000017aa3ff3aa2 sp=0x000000103fffe6b0 mode 2
Event: 4.763 Thread 0x0000017af8b6b100 Uncommon trap: trap_request=0xffffff45 fr.pc=0x0000017aa466623c relative=0x00000000000001fc
Event: 4.763 Thread 0x0000017af8b6b100 Uncommon trap: reason=unstable_if action=reinterpret pc=0x0000017aa466623c method=java.net.URI.match(CJJ)Z @ 32 c2
Event: 4.763 Thread 0x0000017af8b6b100 DEOPT PACKING pc=0x0000017aa466623c sp=0x000000103fffe150
Event: 4.763 Thread 0x0000017af8b6b100 DEOPT UNPACKING pc=0x0000017aa3ff3aa2 sp=0x000000103fffe038 mode 2
Event: 4.766 Thread 0x0000017af8b6b100 Uncommon trap: trap_request=0xffffff45 fr.pc=0x0000017aa45b0c34 relative=0x00000000000007b4
Event: 4.766 Thread 0x0000017af8b6b100 Uncommon trap: reason=unstable_if action=reinterpret pc=0x0000017aa45b0c34 method=java.lang.StringLatin1.toUpperCase(Ljava/lang/String;[BLjava/util/Locale;)Ljava/lang/String; @ 73 c2
Event: 4.766 Thread 0x0000017af8b6b100 DEOPT PACKING pc=0x0000017aa45b0c34 sp=0x000000103fffe2d0
Event: 4.766 Thread 0x0000017af8b6b100 DEOPT UNPACKING pc=0x0000017aa3ff3aa2 sp=0x000000103fffe270 mode 2
Event: 4.796 Thread 0x0000017af8b6b100 Uncommon trap: trap_request=0xffffff76 fr.pc=0x0000017aa465ea70 relative=0x0000000000000930
Event: 4.796 Thread 0x0000017af8b6b100 Uncommon trap: reason=predicate action=maybe_recompile pc=0x0000017aa465ea70 method=java.util.TreeMap.put(Ljava/lang/Object;Ljava/lang/Object;Z)Ljava/lang/Object; @ 27 c2
Event: 4.796 Thread 0x0000017af8b6b100 DEOPT PACKING pc=0x0000017aa465ea70 sp=0x000000103fffdc10
Event: 4.796 Thread 0x0000017af8b6b100 DEOPT UNPACKING pc=0x0000017aa3ff3aa2 sp=0x000000103fffdbd0 mode 2

Classes loaded (20 events):
Event: 4.712 Loading class java/io/PrintWriter$1
Event: 4.712 Loading class jdk/internal/access/JavaIOPrintWriterAccess
Event: 4.712 Loading class jdk/internal/access/JavaIOPrintWriterAccess done
Event: 4.712 Loading class java/io/PrintWriter$1 done
Event: 4.714 Loading class java/time/format/DateTimeParseContext
Event: 4.714 Loading class java/time/format/DateTimeParseContext done
Event: 4.714 Loading class java/time/format/Parsed
Event: 4.714 Loading class java/time/format/Parsed done
Event: 4.742 Loading class java/io/InvalidObjectException
Event: 4.742 Loading class java/io/ObjectStreamException
Event: 4.742 Loading class java/io/ObjectStreamException done
Event: 4.742 Loading class java/io/InvalidObjectException done
Event: 4.808 Loading class java/util/concurrent/CompletableFuture$AltResult
Event: 4.808 Loading class java/util/concurrent/CompletableFuture$AltResult done
Event: 4.808 Loading class java/util/concurrent/CompletableFuture$Completion
Event: 4.808 Loading class java/util/concurrent/CompletableFuture$AsynchronousCompletionTask
Event: 4.808 Loading class java/util/concurrent/CompletableFuture$AsynchronousCompletionTask done
Event: 4.809 Loading class java/util/concurrent/CompletableFuture$Completion done
Event: 4.817 Loading class sun/nio/ch/WindowsAsynchronousFileChannelImpl$WriteTask
Event: 4.817 Loading class sun/nio/ch/WindowsAsynchronousFileChannelImpl$WriteTask done

Classes unloaded (7 events):
Event: 3.375 Thread 0x0000017a9990eb10 Unloading class 0x0000017ab218d000 'java/lang/invoke/LambdaForm$MH+0x0000017ab218d000'
Event: 3.375 Thread 0x0000017a9990eb10 Unloading class 0x0000017ab218cc00 'java/lang/invoke/LambdaForm$MH+0x0000017ab218cc00'
Event: 3.375 Thread 0x0000017a9990eb10 Unloading class 0x0000017ab218c800 'java/lang/invoke/LambdaForm$MH+0x0000017ab218c800'
Event: 3.375 Thread 0x0000017a9990eb10 Unloading class 0x0000017ab218c400 'java/lang/invoke/LambdaForm$MH+0x0000017ab218c400'
Event: 3.375 Thread 0x0000017a9990eb10 Unloading class 0x0000017ab218c000 'java/lang/invoke/LambdaForm$BMH+0x0000017ab218c000'
Event: 3.375 Thread 0x0000017a9990eb10 Unloading class 0x0000017ab218bc00 'java/lang/invoke/LambdaForm$DMH+0x0000017ab218bc00'
Event: 3.375 Thread 0x0000017a9990eb10 Unloading class 0x0000017ab218ac00 'java/lang/invoke/LambdaForm$DMH+0x0000017ab218ac00'

Classes redefined (0 events):
No events

Internal exceptions (20 events):
Event: 4.401 Thread 0x0000017af3891210 Exception <a 'java/lang/NoSuchMethodError'{0x00000000d6a5bb40}: 'int java.lang.invoke.Invokers$Holder.invokeExact_MT(java.lang.Object, java.lang.Object, java.lang.Object)'> (0x00000000d6a5bb40) 
thrown [s\src\hotspot\share\interpreter\linkResolver.cpp, line 773]
Event: 4.403 Thread 0x0000017af3891210 Exception <a 'java/lang/UnsatisfiedLinkError'{0x00000000d6a6f750}: Belirtilen yordam bulunamad覺.
> (0x00000000d6a6f750) 
thrown [s\src\hotspot\share\prims\jni.cpp, line 539]
Event: 4.408 Thread 0x0000017af3891210 Exception <a 'java/lang/NoSuchMethodError'{0x00000000d6a7bb38}: 'void java.lang.invoke.Invokers$Holder.invokeExact_MT(java.lang.Object, java.lang.Object, int, java.lang.Object)'> (0x00000000d6a7bb38) 
thrown [s\src\hotspot\share\interpreter\linkResolver.cpp, line 773]
Event: 4.446 Thread 0x0000017a998727d0 Exception <a 'java/lang/NoSuchMethodError'{0x00000000d55c4c58}: 'java.lang.Object java.lang.invoke.DirectMethodHandle$Holder.invokeStatic(java.lang.Object, long, java.lang.Object)'> (0x00000000d55c4c58) 
thrown [s\src\hotspot\share\interpreter\linkResolver.cpp, line 773]
Event: 4.446 Thread 0x0000017a998727d0 Exception <a 'java/lang/NoSuchMethodError'{0x00000000d55c82f0}: 'java.lang.Object java.lang.invoke.DirectMethodHandle$Holder.invokeStaticInit(java.lang.Object, long, java.lang.Object)'> (0x00000000d55c82f0) 
thrown [s\src\hotspot\share\interpreter\linkResolver.cpp, line 773]
Event: 4.447 Thread 0x0000017a998727d0 Exception <a 'java/lang/NoSuchMethodError'{0x00000000d55cda80}: 'java.lang.Object java.lang.invoke.DirectMethodHandle$Holder.newInvokeSpecial(java.lang.Object, long)'> (0x00000000d55cda80) 
thrown [s\src\hotspot\share\interpreter\linkResolver.cpp, line 773]
Event: 4.480 Thread 0x0000017af3bc72b0 Exception <a 'java/io/FileNotFoundException'{0x00000000d58d0828}> (0x00000000d58d0828) 
thrown [s\src\hotspot\share\prims\jni.cpp, line 520]
Event: 4.481 Thread 0x0000017af3bc72b0 Exception <a 'java/io/FileNotFoundException'{0x00000000d58d22c0}> (0x00000000d58d22c0) 
thrown [s\src\hotspot\share\prims\jni.cpp, line 520]
Event: 4.483 Thread 0x0000017af3bc72b0 Exception <a 'java/lang/NoSuchMethodError'{0x00000000d58e0968}: 'java.lang.Object java.lang.invoke.DirectMethodHandle$Holder.newInvokeSpecial(java.lang.Object, java.lang.Object, java.lang.Object, int)'> (0x00000000d58e0968) 
thrown [s\src\hotspot\share\interpreter\linkResolver.cpp, line 773]
Event: 4.483 Thread 0x0000017af3bc72b0 Exception <a 'java/lang/NoSuchMethodError'{0x00000000d58e45e0}: 'java.lang.Object java.lang.invoke.DirectMethodHandle$Holder.invokeSpecial(java.lang.Object, java.lang.Object, java.lang.Object, java.lang.Object, int)'> (0x00000000d58e45e0) 
thrown [s\src\hotspot\share\interpreter\linkResolver.cpp, line 773]
Event: 4.483 Thread 0x0000017af3bc72b0 Exception <a 'java/lang/NoSuchMethodError'{0x00000000d58e7cf8}: 'java.lang.Object java.lang.invoke.Invokers$Holder.linkToTargetMethod(java.lang.Object, java.lang.Object, int, java.lang.Object)'> (0x00000000d58e7cf8) 
thrown [s\src\hotspot\share\interpreter\linkResolver.cpp, line 773]
Event: 4.485 Thread 0x0000017af3bc72b0 Exception <a 'java/lang/NoSuchMethodError'{0x00000000d58f3610}: 'void java.lang.invoke.DirectMethodHandle$Holder.invokeStaticInit(java.lang.Object, java.lang.Object, java.lang.Object)'> (0x00000000d58f3610) 
thrown [s\src\hotspot\share\interpreter\linkResolver.cpp, line 773]
Event: 4.489 Thread 0x0000017af3bc72b0 Exception <a 'java/io/FileNotFoundException'{0x00000000d5913be8}> (0x00000000d5913be8) 
thrown [s\src\hotspot\share\prims\jni.cpp, line 520]
Event: 4.489 Thread 0x0000017af3bc72b0 Exception <a 'java/io/FileNotFoundException'{0x00000000d5914cd0}> (0x00000000d5914cd0) 
thrown [s\src\hotspot\share\prims\jni.cpp, line 520]
Event: 4.637 Thread 0x0000017a998727d0 Exception <a 'java/lang/NoSuchMethodError'{0x00000000d636fd68}: 'void java.lang.invoke.DirectMethodHandle$Holder.invokeSpecial(java.lang.Object, java.lang.Object, java.lang.Object, java.lang.Object, java.lang.Object, java.lang.Object)'> (0x00000000d636fd68) 
thrown [s\src\hotspot\share\interpreter\linkResolver.cpp, line 773]
Event: 4.638 Thread 0x0000017a998727d0 Exception <a 'java/lang/IncompatibleClassChangeError'{0x00000000d6378290}: Found class java.lang.Object, but interface was expected> (0x00000000d6378290) 
thrown [s\src\hotspot\share\interpreter\linkResolver.cpp, line 840]
Event: 4.638 Thread 0x0000017a998727d0 Exception <a 'java/lang/IncompatibleClassChangeError'{0x00000000d637a150}: Found class java.lang.Object, but interface was expected> (0x00000000d637a150) 
thrown [s\src\hotspot\share\interpreter\linkResolver.cpp, line 840]
Event: 4.748 Thread 0x0000017af8b6b100 Exception <a 'java/lang/NoSuchMethodError'{0x00000000d690b458}: 'java.lang.Object java.lang.invoke.DirectMethodHandle$Holder.invokeInterface(java.lang.Object, java.lang.Object, java.lang.Object)'> (0x00000000d690b458) 
thrown [s\src\hotspot\share\interpreter\linkResolver.cpp, line 773]
Event: 4.766 Thread 0x0000017af8b6b100 Exception <a 'java/io/FileNotFoundException'{0x00000000d69b5860}> (0x00000000d69b5860) 
thrown [s\src\hotspot\share\prims\jni.cpp, line 520]
Event: 4.796 Thread 0x0000017af8b6b100 Exception <a 'sun/nio/fs/WindowsException'{0x00000000d5786dd8}> (0x00000000d5786dd8) 
thrown [s\src\hotspot\share\prims\jni.cpp, line 520]

ZGC Phase Switch (0 events):
No events

VM Operations (20 events):
Event: 3.337 Executing safepoint VM operation: CollectForMetadataAllocation (Metadata GC Threshold)
Event: 3.393 Executing safepoint VM operation: CollectForMetadataAllocation (Metadata GC Threshold) done
Event: 3.448 Executing non-safepoint VM operation: HandshakeAllThreads (Deoptimize)
Event: 3.448 Executing non-safepoint VM operation: HandshakeAllThreads (Deoptimize) done
Event: 3.537 Executing non-safepoint VM operation: HandshakeAllThreads (Deoptimize)
Event: 3.537 Executing non-safepoint VM operation: HandshakeAllThreads (Deoptimize) done
Event: 3.549 Executing non-safepoint VM operation: HandshakeAllThreads (Deoptimize)
Event: 3.549 Executing non-safepoint VM operation: HandshakeAllThreads (Deoptimize) done
Event: 3.652 Executing non-safepoint VM operation: HandshakeAllThreads (Deoptimize)
Event: 3.652 Executing non-safepoint VM operation: HandshakeAllThreads (Deoptimize) done
Event: 3.690 Executing non-safepoint VM operation: HandshakeAllThreads (Deoptimize)
Event: 3.690 Executing non-safepoint VM operation: HandshakeAllThreads (Deoptimize) done
Event: 4.360 Executing non-safepoint VM operation: HandshakeAllThreads (Deoptimize)
Event: 4.360 Executing non-safepoint VM operation: HandshakeAllThreads (Deoptimize) done
Event: 4.441 Executing safepoint VM operation: ParallelGCFailedAllocation (Allocation Failure)
Event: 4.443 Executing safepoint VM operation: ParallelGCFailedAllocation (Allocation Failure) done
Event: 4.757 Executing non-safepoint VM operation: HandshakeAllThreads (Deoptimize)
Event: 4.757 Executing non-safepoint VM operation: HandshakeAllThreads (Deoptimize) done
Event: 4.771 Executing safepoint VM operation: ParallelGCFailedAllocation (Allocation Failure)
Event: 4.774 Executing safepoint VM operation: ParallelGCFailedAllocation (Allocation Failure) done

Memory protections (0 events):
No events

Nmethod flushes (0 events):
No events

Events (20 events):
Event: 3.397 Thread 0x0000017af3891210 Thread added: 0x0000017af83a90f0
Event: 3.488 Thread 0x0000017af83a90f0 Thread exited: 0x0000017af83a90f0
Event: 4.088 Thread 0x0000017af3b2aee0 Thread added: 0x0000017af88c4060
Event: 4.365 Thread 0x0000017af3891210 Thread added: 0x0000017af88c6e50
Event: 4.453 Thread 0x0000017a998727d0 Thread added: 0x0000017af88c74e0
Event: 4.454 Thread 0x0000017a998727d0 Thread added: 0x0000017af88c46f0
Event: 4.454 Thread 0x0000017a998727d0 Thread added: 0x0000017af88c4d80
Event: 4.454 Thread 0x0000017a998727d0 Thread added: 0x0000017af88c5aa0
Event: 4.454 Thread 0x0000017a998727d0 Thread added: 0x0000017af88c67c0
Event: 4.454 Thread 0x0000017a998727d0 Thread added: 0x0000017af88c6130
Event: 4.454 Thread 0x0000017a998727d0 Thread added: 0x0000017af88c5410
Event: 4.454 Thread 0x0000017a998727d0 Thread added: 0x0000017af8b6def0
Event: 4.454 Thread 0x0000017a998727d0 Thread added: 0x0000017af8b696c0
Event: 4.454 Thread 0x0000017a998727d0 Thread added: 0x0000017af8b6be20
Event: 4.454 Thread 0x0000017a998727d0 Thread added: 0x0000017af8b6aa70
Event: 4.455 Thread 0x0000017a998727d0 Thread added: 0x0000017af8b68310
Event: 4.455 Thread 0x0000017a998727d0 Thread added: 0x0000017af8b6c4b0
Event: 4.495 Thread 0x0000017a998727d0 Thread added: 0x0000017af8b6ec10
Event: 4.654 Thread 0x0000017a998727d0 Thread added: 0x0000017af8b6b790
Event: 4.655 Thread 0x0000017a998727d0 Thread added: 0x0000017af8b6b100


Dynamic libraries:
0x00007ff714ce0000 - 0x00007ff714cee000 	c:\Users\ixsim\.antigravity\extensions\redhat.java-1.53.0-win32-x64\jre\21.0.10-win32-x86_64\bin\java.exe
0x00007ffdd0890000 - 0x00007ffdd0aa8000 	C:\Windows\SYSTEM32\ntdll.dll
0x00007ffdcfc70000 - 0x00007ffdcfd34000 	C:\Windows\System32\KERNEL32.DLL
0x00007ffdce060000 - 0x00007ffdce433000 	C:\Windows\System32\KERNELBASE.dll
0x00007ffdcdf40000 - 0x00007ffdce051000 	C:\Windows\System32\ucrtbase.dll
0x00007ffd98f00000 - 0x00007ffd98f18000 	c:\Users\ixsim\.antigravity\extensions\redhat.java-1.53.0-win32-x64\jre\21.0.10-win32-x86_64\bin\jli.dll
0x00007ffdd0610000 - 0x00007ffdd07c2000 	C:\Windows\System32\USER32.dll
0x00007ffdce500000 - 0x00007ffdce526000 	C:\Windows\System32\win32u.dll
0x00007ffdcfa80000 - 0x00007ffdcfaa9000 	C:\Windows\System32\GDI32.dll
0x00007ffdcd9a0000 - 0x00007ffdcdabb000 	C:\Windows\System32\gdi32full.dll
0x00007ffdcdda0000 - 0x00007ffdcde3a000 	C:\Windows\System32\msvcp_win.dll
0x00007ffd98e80000 - 0x00007ffd98e9e000 	c:\Users\ixsim\.antigravity\extensions\redhat.java-1.53.0-win32-x64\jre\21.0.10-win32-x86_64\bin\VCRUNTIME140.dll
0x00007ffdb9790000 - 0x00007ffdb9a2c000 	C:\Windows\WinSxS\amd64_microsoft.windows.common-controls_6595b64144ccf1df_6.0.22621.6060_none_2712eda17382d24b\COMCTL32.dll
0x00007ffdceac0000 - 0x00007ffdceb67000 	C:\Windows\System32\msvcrt.dll
0x00007ffdce750000 - 0x00007ffdce781000 	C:\Windows\System32\IMM32.DLL
0x00007ffdb2780000 - 0x00007ffdb278c000 	c:\Users\ixsim\.antigravity\extensions\redhat.java-1.53.0-win32-x64\jre\21.0.10-win32-x86_64\bin\vcruntime140_1.dll
0x00007ffd851d0000 - 0x00007ffd8525d000 	c:\Users\ixsim\.antigravity\extensions\redhat.java-1.53.0-win32-x64\jre\21.0.10-win32-x86_64\bin\msvcp140.dll
0x00007ffc5fc80000 - 0x00007ffc60a21000 	c:\Users\ixsim\.antigravity\extensions\redhat.java-1.53.0-win32-x64\jre\21.0.10-win32-x86_64\bin\server\jvm.dll
0x00007ffdd0530000 - 0x00007ffdd05e1000 	C:\Windows\System32\ADVAPI32.dll
0x00007ffdcfd40000 - 0x00007ffdcfde8000 	C:\Windows\System32\sechost.dll
0x00007ffdcdac0000 - 0x00007ffdcdae8000 	C:\Windows\System32\bcrypt.dll
0x00007ffdd0390000 - 0x00007ffdd04a8000 	C:\Windows\System32\RPCRT4.dll
0x00007ffdd07d0000 - 0x00007ffdd0841000 	C:\Windows\System32\WS2_32.dll
0x00007ffdcd7c0000 - 0x00007ffdcd80d000 	C:\Windows\SYSTEM32\POWRPROF.dll
0x00007ffdc3c60000 - 0x00007ffdc3c6a000 	C:\Windows\SYSTEM32\VERSION.dll
0x00007ffdc7b40000 - 0x00007ffdc7b74000 	C:\Windows\SYSTEM32\WINMM.dll
0x00007ffdcd7a0000 - 0x00007ffdcd7b3000 	C:\Windows\SYSTEM32\UMPDC.dll
0x00007ffdcc950000 - 0x00007ffdcc968000 	C:\Windows\SYSTEM32\kernel.appcore.dll
0x00007ffd9f4e0000 - 0x00007ffd9f4ea000 	c:\Users\ixsim\.antigravity\extensions\redhat.java-1.53.0-win32-x64\jre\21.0.10-win32-x86_64\bin\jimage.dll
0x00007ffdcb280000 - 0x00007ffdcb4b3000 	C:\Windows\SYSTEM32\DBGHELP.DLL
0x00007ffdcfe20000 - 0x00007ffdd01b1000 	C:\Windows\System32\combase.dll
0x00007ffdceb70000 - 0x00007ffdcec48000 	C:\Windows\System32\OLEAUT32.dll
0x00007ffdae420000 - 0x00007ffdae452000 	C:\Windows\SYSTEM32\dbgcore.DLL
0x00007ffdcde40000 - 0x00007ffdcdebb000 	C:\Windows\System32\bcryptPrimitives.dll
0x00007ffd98520000 - 0x00007ffd9852f000 	c:\Users\ixsim\.antigravity\extensions\redhat.java-1.53.0-win32-x64\jre\21.0.10-win32-x86_64\bin\instrument.dll
0x00007ffd98e60000 - 0x00007ffd98e80000 	c:\Users\ixsim\.antigravity\extensions\redhat.java-1.53.0-win32-x64\jre\21.0.10-win32-x86_64\bin\java.dll
0x00007ffdcec50000 - 0x00007ffdcf4ec000 	C:\Windows\System32\SHELL32.dll
0x00007ffdcdaf0000 - 0x00007ffdcdc2f000 	C:\Windows\System32\wintypes.dll
0x00007ffdcb850000 - 0x00007ffdcc16a000 	C:\Windows\SYSTEM32\windows.storage.dll
0x00007ffdcf4f0000 - 0x00007ffdcf5f4000 	C:\Windows\System32\SHCORE.dll
0x00007ffdd04c0000 - 0x00007ffdd0529000 	C:\Windows\System32\shlwapi.dll
0x00007ffdcd8d0000 - 0x00007ffdcd8f5000 	C:\Windows\SYSTEM32\profapi.dll
0x00007ffd98530000 - 0x00007ffd98548000 	c:\Users\ixsim\.antigravity\extensions\redhat.java-1.53.0-win32-x64\jre\21.0.10-win32-x86_64\bin\zip.dll
0x00007ffd96940000 - 0x00007ffd96950000 	C:\Users\ixsim\.antigravity\extensions\redhat.java-1.53.0-win32-x64\jre\21.0.10-win32-x86_64\bin\net.dll
0x00007ffdc84d0000 - 0x00007ffdc85fc000 	C:\Windows\SYSTEM32\WINHTTP.dll
0x00007ffdcce60000 - 0x00007ffdccec9000 	C:\Windows\system32\mswsock.dll
0x00007ffd95090000 - 0x00007ffd950a6000 	C:\Users\ixsim\.antigravity\extensions\redhat.java-1.53.0-win32-x64\jre\21.0.10-win32-x86_64\bin\nio.dll
0x00007ffd948d0000 - 0x00007ffd948e0000 	c:\Users\ixsim\.antigravity\extensions\redhat.java-1.53.0-win32-x64\jre\21.0.10-win32-x86_64\bin\verify.dll
0x00007ffd6e6d0000 - 0x00007ffd6e715000 	C:\Users\ixsim\AppData\Roaming\Antigravity\User\globalStorage\redhat.java\1.53.0\config_ss_win\org.eclipse.equinox.launcher\org.eclipse.equinox.launcher.win32.win32.x86_64_1.3.0.v20260203-2149\eclipse_11919.dll
0x00007ffdce790000 - 0x00007ffdce931000 	C:\Windows\System32\ole32.dll
0x00007ffdcd0c0000 - 0x00007ffdcd0db000 	C:\Windows\SYSTEM32\CRYPTSP.dll
0x00007ffdcc8b0000 - 0x00007ffdcc8e7000 	C:\Windows\system32\rsaenh.dll
0x00007ffdccf50000 - 0x00007ffdccf78000 	C:\Windows\SYSTEM32\USERENV.dll
0x00007ffdcd0b0000 - 0x00007ffdcd0bc000 	C:\Windows\SYSTEM32\CRYPTBASE.dll
0x00007ffdcc400000 - 0x00007ffdcc42d000 	C:\Windows\SYSTEM32\IPHLPAPI.DLL
0x00007ffdcfdf0000 - 0x00007ffdcfdf9000 	C:\Windows\System32\NSI.dll
0x00007ffd60ee0000 - 0x00007ffd60f29000 	C:\Users\ixsim\AppData\Local\Temp\jna-100658504\jna9163584535648634829.dll
0x00007ffdce940000 - 0x00007ffdce948000 	C:\Windows\System32\PSAPI.DLL
0x00007ffdc8840000 - 0x00007ffdc8859000 	C:\Windows\SYSTEM32\dhcpcsvc6.DLL
0x00007ffdc8450000 - 0x00007ffdc846f000 	C:\Windows\SYSTEM32\dhcpcsvc.DLL

JVMTI agents:
c:\Users\ixsim\.antigravity\extensions\redhat.java-1.53.0-win32-x64\lombok\lombok-1.18.39-4050.jar path:c:\Users\ixsim\.antigravity\extensions\redhat.java-1.53.0-win32-x64\jre\21.0.10-win32-x86_64\bin\instrument.dll, loaded, initialized, instrumentlib options:none

dbghelp: loaded successfully - version: 4.0.5 - missing functions: none
symbol engine: initialized successfully - sym options: 0x614 - pdb path: .;c:\Users\ixsim\.antigravity\extensions\redhat.java-1.53.0-win32-x64\jre\21.0.10-win32-x86_64\bin;C:\Windows\SYSTEM32;C:\Windows\WinSxS\amd64_microsoft.windows.common-controls_6595b64144ccf1df_6.0.22621.6060_none_2712eda17382d24b;c:\Users\ixsim\.antigravity\extensions\redhat.java-1.53.0-win32-x64\jre\21.0.10-win32-x86_64\bin\server;C:\Users\ixsim\AppData\Roaming\Antigravity\User\globalStorage\redhat.java\1.53.0\config_ss_win\org.eclipse.equinox.launcher\org.eclipse.equinox.launcher.win32.win32.x86_64_1.3.0.v20260203-2149;C:\Users\ixsim\AppData\Local\Temp\jna-100658504

VM Arguments:
jvm_args: --add-modules=ALL-SYSTEM --add-opens=java.base/java.util=ALL-UNNAMED --add-opens=java.base/java.lang=ALL-UNNAMED --add-opens=java.base/sun.nio.fs=ALL-UNNAMED -Declipse.application=org.eclipse.jdt.ls.core.id1 -Dosgi.bundles.defaultStartLevel=4 -Declipse.product=org.eclipse.jdt.ls.core.product -Djava.import.generatesMetadataFilesAtProjectRoot=false -DDetectVMInstallationsJob.disabled=true -Dfile.encoding=utf8 -XX:+UseParallelGC -XX:GCTimeRatio=4 -XX:AdaptiveSizePolicyWeight=90 -Dsun.zip.disableMemoryMapping=true -Xmx2G -Xms100m -Xlog:disable -javaagent:c:\Users\ixsim\.antigravity\extensions\redhat.java-1.53.0-win32-x64\lombok\lombok-1.18.39-4050.jar 
java_command: c:\Users\ixsim\.antigravity\extensions\redhat.java-1.53.0-win32-x64\server\plugins\org.eclipse.equinox.launcher_1.7.100.v20251111-0406.jar -configuration c:\Users\ixsim\AppData\Roaming\Antigravity\User\globalStorage\redhat.java\1.53.0\config_ss_win -data c:\Users\ixsim\AppData\Roaming\Antigravity\User\workspaceStorage\d4c266a07905a3bb2883ca790c66562a\redhat.java\ss_ws --pipe=\\.\pipe\lsp-65992691be269c1b378e2e7357f6b8d4-sock
java_class_path (initial): c:\Users\ixsim\.antigravity\extensions\redhat.java-1.53.0-win32-x64\server\plugins\org.eclipse.equinox.launcher_1.7.100.v20251111-0406.jar
Launcher Type: SUN_STANDARD

[Global flags]
    uintx AdaptiveSizePolicyWeight                 = 90                                        {product} {command line}
     intx CICompilerCount                          = 4                                         {product} {ergonomic}
    uintx GCTimeRatio                              = 4                                         {product} {command line}
   size_t InitialHeapSize                          = 104857600                                 {product} {command line}
   size_t MaxHeapSize                              = 2147483648                                {product} {command line}
   size_t MaxNewSize                               = 715653120                                 {product} {ergonomic}
   size_t MinHeapDeltaBytes                        = 524288                                    {product} {ergonomic}
   size_t MinHeapSize                              = 104857600                                 {product} {command line}
   size_t NewSize                                  = 34603008                                  {product} {ergonomic}
    uintx NonNMethodCodeHeapSize                   = 5839372                                {pd product} {ergonomic}
    uintx NonProfiledCodeHeapSize                  = 122909434                              {pd product} {ergonomic}
   size_t OldSize                                  = 70254592                                  {product} {ergonomic}
    uintx ProfiledCodeHeapSize                     = 122909434                              {pd product} {ergonomic}
    uintx ReservedCodeCacheSize                    = 251658240                              {pd product} {ergonomic}
     bool SegmentedCodeCache                       = true                                      {product} {ergonomic}
   size_t SoftMaxHeapSize                          = 2147483648                             {manageable} {ergonomic}
     bool UseCompressedOops                        = true                           {product lp64_product} {ergonomic}
     bool UseLargePagesIndividualAllocation        = false                                  {pd product} {ergonomic}
     bool UseParallelGC                            = true                                      {product} {command line}

Logging:
Log output configuration:
 #0: stdout all=off uptime,level,tags foldmultilines=false
 #1: stderr all=off uptime,level,tags foldmultilines=false

Release file:
JAVA_VERSION="21.0.10" 
MODULES="java.base java.compiler java.datatransfer java.xml java.prefs java.desktop java.instrument java.logging java.management java.security.sasl java.naming java.rmi java.management.rmi java.net.http java.scripting java.security.jgss java.transaction.xa java.sql java.sql.rowset java.xml.crypto java.se java.smartcardio jdk.accessibility jdk.internal.jvmstat jdk.attach jdk.charsets jdk.internal.opt jdk.zipfs jdk.compiler jdk.crypto.ec jdk.crypto.cryptoki jdk.crypto.mscapi jdk.dynalink jdk.internal.ed jdk.editpad jdk.hotspot.agent jdk.httpserver jdk.internal.le jdk.internal.vm.ci jdk.internal.vm.compiler jdk.internal.vm.compiler.management jdk.jartool jdk.javadoc jdk.jcmd jdk.management jdk.management.agent jdk.jconsole jdk.jdeps jdk.jdwp.agent jdk.jdi jdk.jfr jdk.jshell jdk.jsobject jdk.jstatd jdk.localedata jdk.management.jfr jdk.naming.dns jdk.naming.rmi jdk.net jdk.nio.mapmode jdk.random jdk.sctp jdk.security.auth jdk.security.jgss jdk.unsupported jdk.unsupported.desktop jdk.xml.dom" 

Environment Variables:
PATH=C:\Program Files (x86)\Common Files\Oracle\Java\javapath;C:\Windows\system32;C:\Windows;C:\Windows\System32\Wbem;C:\Windows\System32\WindowsPowerShell\v1.0\;C:\Windows\System32\OpenSSH\;C:\Program Files\cursor\resources\app\bin;C:\Program Files\Cloudflare\Cloudflare WARP\;C:\Program Files\Tailscale\;C:\Program Files\Git\cmd;C:\Program Files\Docker\Docker\resources\bin;C:\Program Files\nodejs\;C:\Program Files\dotnet\;C:\Users\ixsim\asfl_app\flutter\bin;C:\Users\ixsim\AppData\Local\Programs\Microsoft VS Code\bin;C:\Users\ixsim\AppData\Local\Programs\Python\Python314\Scripts\;C:\Users\ixsim\AppData\Local\Programs\Python\Python314\;C:\Users\ixsim\AppData\Local\Programs\Python\Launcher\;C:\Users\ixsim\AppData\Local\Microsoft\WindowsApps;C:\Program Files\JetBrains\PyCharm 2025.2.3\bin;C:\Users\ixsim\AppData\Local\Programs\Antigravity\bin;C:\xampp\php;C:\Users\ixsim\AppData\Local\ComposerSetup\bin;C:\Users\ixsim\AppData\Roaming\Composer\vendor\bin;C:\Users\ixsim\AppData\Roaming\npm;
USERNAME=ixsim
OS=Windows_NT
PROCESSOR_IDENTIFIER=AMD64 Family 23 Model 96 Stepping 1, AuthenticAMD
TMP=C:\Users\ixsim\AppData\Local\Temp
TEMP=C:\Users\ixsim\AppData\Local\Temp




Periodic native trim disabled

---------------  S Y S T E M  ---------------

OS:
 Windows 11 , 64 bit Build 22621 (10.0.22621.5415)
OS uptime: 35 days 20:00 hours
Hyper-V role detected

CPU: total 12 (initial active 12) (12 cores per cpu, 2 threads per core) family 23 model 96 stepping 1 microcode 0x0, cx8, cmov, fxsr, ht, mmx, 3dnowpref, sse, sse2, sse3, ssse3, sse4a, sse4.1, sse4.2, popcnt, lzcnt, tsc, tscinvbit, avx, avx2, aes, clmul, bmi1, bmi2, adx, sha, fma, vzeroupper, clflush, clflushopt, hv, rdtscp, rdpid, f16c
Processor Information for the first 12 processors :
  Max Mhz: 3000, Current Mhz: 3000, Mhz Limit: 3000

Memory: 4k page, system-wide physical 7549M (18M free)
TotalPageFile size 31101M (AvailPageFile size 0M)
current process WorkingSet (physical memory assigned to process): 160M, peak: 161M
current process commit charge ("private bytes"): 301M, peak: 302M

vm_info: OpenJDK 64-Bit Server VM (21.0.10+7-LTS) for windows-amd64 JRE (21.0.10+7-LTS), built on 2026-01-20T00:00:00Z by "admin" with MS VC++ 17.12 (VS2022)

END.
